#
# A fatal error has been detected by the Java Runtime Environment:
#
#  Internal Error (safepoint.cpp:310), pid=55989, tid=13315
#  guarantee(PageArmed == 0) failed: invariant
#
# JRE version: Java(TM) SE Runtime Environment (8.0_51-b16) (build 1.8.0_51-b16)
# Java VM: Java HotSpot(TM) 64-Bit Server VM (25.51-b03 mixed mode bsd-amd64 compressed oops)
# Failed to write core dump. Core dumps have been disabled. To enable core dumping, try "ulimit -c unlimited" before starting Java again
#
# If you would like to submit a bug report, please visit:
#   http://bugreport.java.com/bugreport/crash.jsp
#

---------------  T H R E A D  ---------------

Current thread (0x00007fe995001000):  VMThread [stack: 0x0000700000a35000,0x0000700000b35000] [id=13315]

Stack: [0x0000700000a35000,0x0000700000b35000],  sp=0x0000700000b34910,  free space=1022k
Native frames: (J=compiled Java code, j=interpreted, Vv=VM code, C=native code)
V  [libjvm.dylib+0x58e75a]  VMError::report_and_die()+0x3f8
V  [libjvm.dylib+0x1e0237]  report_vm_error(char const*, int, char const*, char const*)+0x54
V  [libjvm.dylib+0x4c2da4]  SafepointSynchronize::begin()+0x2be
V  [libjvm.dylib+0x5949c7]  VMThread::loop()+0x319
V  [libjvm.dylib+0x5942f5]  VMThread::run()+0x79
V  [libjvm.dylib+0x46e99e]  java_start(Thread*)+0xf6
C  [libsystem_pthread.dylib+0x39b1]  _pthread_body+0x83
C  [libsystem_pthread.dylib+0x392e]  _pthread_body+0x0
C  [libsystem_pthread.dylib+0x1385]  thread_start+0xd

VM_Operation (0x0000700000e3d658): Exit, mode: safepoint, requested by thread 0x00007fe996071000


---------------  P R O C E S S  ---------------

Java Threads: ( => current thread )
  0x00007fe996071000 JavaThread "SIGTERM handler" daemon [_thread_blocked, id=16395, stack(0x0000700000d3e000,0x0000700000e3e000)]
  0x00007fe99600c000 JavaThread "Service Thread" daemon [_thread_blocked, id=20995, stack(0x0000700001353000,0x0000700001453000)]
  0x00007fe99400a000 JavaThread "C1 CompilerThread3" daemon [_thread_blocked, id=20483, stack(0x0000700001250000,0x0000700001350000)]
  0x00007fe994823000 JavaThread "C2 CompilerThread2" daemon [_thread_blocked, id=19971, stack(0x000070000114d000,0x000070000124d000)]
  0x00007fe994006800 JavaThread "C2 CompilerThread1" daemon [_thread_blocked, id=19459, stack(0x000070000104a000,0x000070000114a000)]
  0x00007fe99600b000 JavaThread "C2 CompilerThread0" daemon [_thread_blocked, id=18947, stack(0x0000700000f47000,0x0000700001047000)]
  0x00007fe992846000 JavaThread "Signal Dispatcher" daemon [_thread_in_vm, id=14863, stack(0x0000700000e44000,0x0000700000f44000)]
  0x00007fe994003000 JavaThread "Finalizer" daemon [_thread_blocked, id=14339, stack(0x0000700000c3b000,0x0000700000d3b000)]
  0x00007fe995022800 JavaThread "Reference Handler" daemon [_thread_blocked, id=13827, stack(0x0000700000b38000,0x0000700000c38000)]
  0x00007fe992808000 JavaThread "main" [_thread_in_Java, id=5891, stack(0x000070000011a000,0x000070000021a000)]

Other Threads:
=>0x00007fe995001000 VMThread [stack: 0x0000700000a35000,0x0000700000b35000] [id=13315]

VM state:synchronizing (normal execution)

VM Mutex/Monitor currently owned by a thread:  ([mutex/lock_event])
[0x00007fe993a02560] Safepoint_lock - owner thread: 0x00007fe995001000
[0x00007fe993a025e0] Threads_lock - owner thread: 0x00007fe995001000

Heap:
 PSYoungGen      total 76288K, used 12161K [0x000000076ab00000, 0x0000000770000000, 0x00000007c0000000)
  eden space 65536K, 18% used [0x000000076ab00000,0x000000076b6e0718,0x000000076eb00000)
  from space 10752K, 0% used [0x000000076f580000,0x000000076f580000,0x0000000770000000)
  to   space 10752K, 0% used [0x000000076eb00000,0x000000076eb00000,0x000000076f580000)
 ParOldGen       total 175104K, used 0K [0x00000006c0000000, 0x00000006cab00000, 0x000000076ab00000)
  object space 175104K, 0% used [0x00000006c0000000,0x00000006c0000000,0x00000006cab00000)
 Metaspace       used 2815K, capacity 4490K, committed 4864K, reserved 1056768K
  class space    used 304K, capacity 386K, committed 512K, reserved 1048576K

Card table byte_map: [0x000000011fb29000,0x000000012032a000] byte_map_base: 0x000000011c529000

Marking Bits: (ParMarkBitMap*) 0x00000001100c27a0
 Begin Bits: [0x0000000120880000, 0x0000000124880000)
 End Bits:   [0x0000000124880000, 0x0000000128880000)

Polling page: 0x000000010e67f000

CodeCache: size=245760Kb used=1203Kb max_used=1213Kb free=244556Kb
 bounds [0x0000000110769000, 0x00000001109d9000, 0x000000011f769000]
 total_blobs=312 nmethods=69 adapters=157
 compilation: enabled

Compilation events (10 events):
Event: 0.375 Thread 0x00007fe99400a000   65       3       sort.BubbleSort::getArr (29 bytes)
Event: 0.376 Thread 0x00007fe99400a000 nmethod 65 0x0000000110895b50 code [0x0000000110895d20, 0x0000000110896178]
Event: 0.376 Thread 0x00007fe994006800   66 %     4       sort.BubbleSort::getArr @ 9 (29 bytes)
Event: 0.377 Thread 0x00007fe994823000   67 %     4       sort.BubbleSort::bubbleSort @ 21 (118 bytes)
Event: 0.379 Thread 0x00007fe994006800 nmethod 66% 0x0000000110894bd0 code [0x0000000110894d60, 0x0000000110894f98]
Event: 0.381 Thread 0x00007fe994823000 nmethod 67% 0x0000000110895550 code [0x00000001108956a0, 0x00000001108959b8]
Event: 0.381 Thread 0x00007fe99600b000   68       4       sort.BubbleSort::bubbleSort (118 bytes)
Event: 0.384 Thread 0x00007fe99600b000 nmethod 68 0x000000011088ff90 code [0x00000001108900e0, 0x0000000110890318]
Event: 32.603 Thread 0x00007fe994006800   69       4       sort.BubbleSort::getArr (29 bytes)
Event: 32.606 Thread 0x00007fe994006800 nmethod 69 0x0000000110894050 code [0x00000001108941e0, 0x0000000110894478]

GC Heap History (0 events):
No events

Deoptimization events (3 events):
Event: 0.373 Thread 0x00007fe992808000 Uncommon trap: reason=unloaded action=reinterpret pc=0x00000001108918e8 method=sort.BubbleSort.bubbleSort([I)[I @ 80
Event: 32.601 Thread 0x00007fe992808000 Uncommon trap: reason=unstable_if action=reinterpret pc=0x00000001108958c0 method=sort.BubbleSort.bubbleSort([I)[I @ 74
Event: 32.627 Thread 0x00007fe992808000 Uncommon trap: reason=unstable_if action=reinterpret pc=0x0000000110894ecc method=sort.BubbleSort.getArr(I)[I @ 24

Internal exceptions (10 events):
Event: 0.085 Thread 0x00007fe992808000 Exception <a 'java/security/PrivilegedActionException'> (0x000000076abda850) thrown at [/Users/java_re/workspace/8-2-build-macosx-x86_64/jdk8u51/3951/hotspot/src/share/vm/prims/jvm.cpp, line 1382]
Event: 0.085 Thread 0x00007fe992808000 Exception <a 'java/util/zip/ZipException'> (0x000000076abdb578) thrown at [/Users/java_re/workspace/8-2-build-macosx-x86_64/jdk8u51/3951/hotspot/src/share/vm/prims/jni.cpp, line 709]
Event: 0.085 Thread 0x00007fe992808000 Exception <a 'java/security/PrivilegedActionException'> (0x000000076abdb728) thrown at [/Users/java_re/workspace/8-2-build-macosx-x86_64/jdk8u51/3951/hotspot/src/share/vm/prims/jvm.cpp, line 1382]
Event: 0.085 Thread 0x00007fe992808000 Exception <a 'java/security/PrivilegedActionException'> (0x000000076abdb8e0) thrown at [/Users/java_re/workspace/8-2-build-macosx-x86_64/jdk8u51/3951/hotspot/src/share/vm/prims/jvm.cpp, line 1382]
Event: 0.086 Thread 0x00007fe992808000 Exception <a 'java/util/zip/ZipException'> (0x000000076abdc608) thrown at [/Users/java_re/workspace/8-2-build-macosx-x86_64/jdk8u51/3951/hotspot/src/share/vm/prims/jni.cpp, line 709]
Event: 0.086 Thread 0x00007fe992808000 Exception <a 'java/security/PrivilegedActionException'> (0x000000076abdc7b8) thrown at [/Users/java_re/workspace/8-2-build-macosx-x86_64/jdk8u51/3951/hotspot/src/share/vm/prims/jvm.cpp, line 1382]
Event: 0.086 Thread 0x00007fe992808000 Exception <a 'java/security/PrivilegedActionException'> (0x000000076abdc970) thrown at [/Users/java_re/workspace/8-2-build-macosx-x86_64/jdk8u51/3951/hotspot/src/share/vm/prims/jvm.cpp, line 1382]
Event: 0.088 Thread 0x00007fe992808000 Exception <a 'java/util/zip/ZipException'> (0x000000076abee418) thrown at [/Users/java_re/workspace/8-2-build-macosx-x86_64/jdk8u51/3951/hotspot/src/share/vm/prims/jni.cpp, line 709]
Event: 0.088 Thread 0x00007fe992808000 Exception <a 'java/security/PrivilegedActionException'> (0x000000076abee5c8) thrown at [/Users/java_re/workspace/8-2-build-macosx-x86_64/jdk8u51/3951/hotspot/src/share/vm/prims/jvm.cpp, line 1382]
Event: 0.088 Thread 0x00007fe992808000 Exception <a 'java/security/PrivilegedActionException'> (0x000000076abee780) thrown at [/Users/java_re/workspace/8-2-build-macosx-x86_64/jdk8u51/3951/hotspot/src/share/vm/prims/jvm.cpp, line 1382]

Events (10 events):
Event: 32.627 Thread 0x00007fe992808000 DEOPT PACKING pc=0x0000000110894ecc sp=0x0000700000219860
Event: 32.627 Thread 0x00007fe992808000 DEOPT UNPACKING pc=0x000000011076e229 sp=0x0000700000219830 mode 2
Event: 59.227 loading class sun/misc/Signal$1
Event: 59.227 loading class sun/misc/Signal$1 done
Event: 59.227 Thread 0x00007fe996071000 Thread added: 0x00007fe996071000
Event: 59.227 loading class java/lang/Shutdown
Event: 59.227 loading class java/lang/Shutdown done
Event: 59.227 loading class java/lang/Shutdown$Lock
Event: 59.227 loading class java/lang/Shutdown$Lock done
Event: 59.227 Executing VM operation: Exit


Dynamic libraries:
0x0000000008fc2000 	/System/Library/Frameworks/Cocoa.framework/Versions/A/Cocoa
0x0000000008fc2000 	/System/Library/Frameworks/Security.framework/Versions/A/Security
0x0000000008fc2000 	/System/Library/Frameworks/ApplicationServices.framework/Versions/A/ApplicationServices
0x0000000008fc2000 	/usr/lib/libz.1.dylib
0x0000000008fc2000 	/usr/lib/libSystem.B.dylib
0x0000000008fc2000 	/usr/lib/libobjc.A.dylib
0x0000000008fc2000 	/System/Library/Frameworks/CoreFoundation.framework/Versions/A/CoreFoundation
0x0000000008fc2000 	/System/Library/Frameworks/Foundation.framework/Versions/C/Foundation
0x0000000008fc2000 	/System/Library/Frameworks/AppKit.framework/Versions/C/AppKit
0x0000000008fc2000 	/System/Library/Frameworks/CoreData.framework/Versions/A/CoreData
0x0000000008fc2000 	/System/Library/PrivateFrameworks/RemoteViewServices.framework/Versions/A/RemoteViewServices
0x0000000008fc2000 	/System/Library/PrivateFrameworks/UIFoundation.framework/Versions/A/UIFoundation
0x0000000008fc2000 	/usr/lib/libScreenReader.dylib
0x0000000008fc2000 	/System/Library/Frameworks/Accelerate.framework/Versions/A/Accelerate
0x0000000008fc2000 	/System/Library/Frameworks/IOSurface.framework/Versions/A/IOSurface
0x0000000008fc2000 	/System/Library/Frameworks/AudioToolbox.framework/Versions/A/AudioToolbox
0x0000000008fc2000 	/System/Library/Frameworks/AudioUnit.framework/Versions/A/AudioUnit
0x0000000008fc2000 	/System/Library/PrivateFrameworks/DataDetectorsCore.framework/Versions/A/DataDetectorsCore
0x0000000008fc2000 	/System/Library/PrivateFrameworks/DesktopServicesPriv.framework/Versions/A/DesktopServicesPriv
0x0000000008fc2000 	/System/Library/Frameworks/Carbon.framework/Versions/A/Frameworks/HIToolbox.framework/Versions/A/HIToolbox
0x0000000008fc2000 	/System/Library/Frameworks/QuartzCore.framework/Versions/A/QuartzCore
0x0000000008fc2000 	/System/Library/Frameworks/Carbon.framework/Versions/A/Frameworks/SpeechRecognition.framework/Versions/A/SpeechRecognition
0x0000000008fc2000 	/usr/lib/libauto.dylib
0x0000000008fc2000 	/usr/lib/libicucore.A.dylib
0x0000000008fc2000 	/usr/lib/libxml2.2.dylib
0x0000000008fc2000 	/System/Library/PrivateFrameworks/CoreUI.framework/Versions/A/CoreUI
0x0000000008fc2000 	/System/Library/Frameworks/CoreAudio.framework/Versions/A/CoreAudio
0x0000000008fc2000 	/System/Library/Frameworks/DiskArbitration.framework/Versions/A/DiskArbitration
0x0000000008fc2000 	/usr/lib/liblangid.dylib
0x0000000008fc2000 	/System/Library/PrivateFrameworks/MultitouchSupport.framework/Versions/A/MultitouchSupport
0x0000000008fc2000 	/System/Library/Frameworks/IOKit.framework/Versions/A/IOKit
0x0000000008fc2000 	/usr/lib/libDiagnosticMessagesClient.dylib
0x0000000008fc2000 	/System/Library/Frameworks/CoreServices.framework/Versions/A/CoreServices
0x0000000008fc2000 	/System/Library/PrivateFrameworks/PerformanceAnalysis.framework/Versions/A/PerformanceAnalysis
0x0000000008fc2000 	/System/Library/PrivateFrameworks/GenerationalStorage.framework/Versions/A/GenerationalStorage
0x0000000008fc2000 	/System/Library/Frameworks/OpenGL.framework/Versions/A/OpenGL
0x0000000008fc2000 	/System/Library/PrivateFrameworks/Sharing.framework/Versions/A/Sharing
0x0000000008fc2000 	/System/Library/Frameworks/CoreGraphics.framework/Versions/A/CoreGraphics
0x0000000008fc2000 	/System/Library/Frameworks/CoreImage.framework/Versions/A/CoreImage
0x0000000008fc2000 	/System/Library/Frameworks/CoreText.framework/Versions/A/CoreText
0x0000000008fc2000 	/System/Library/Frameworks/ImageIO.framework/Versions/A/ImageIO
0x0000000008fc2000 	/System/Library/PrivateFrameworks/Backup.framework/Versions/A/Backup
0x0000000008fc2000 	/usr/lib/libextension.dylib
0x0000000008fc2000 	/usr/lib/libarchive.2.dylib
0x0000000008fc2000 	/System/Library/Frameworks/CFNetwork.framework/Versions/A/CFNetwork
0x0000000008fc2000 	/System/Library/Frameworks/SystemConfiguration.framework/Versions/A/SystemConfiguration
0x0000000008fc2000 	/usr/lib/libCRFSuite.dylib
0x0000000008fc2000 	/usr/lib/libc++.1.dylib
0x0000000008fc2000 	/usr/lib/libc++abi.dylib
0x0000000008fc2000 	/usr/lib/system/libcache.dylib
0x0000000008fc2000 	/usr/lib/system/libcommonCrypto.dylib
0x0000000008fc2000 	/usr/lib/system/libcompiler_rt.dylib
0x0000000008fc2000 	/usr/lib/system/libcopyfile.dylib
0x0000000008fc2000 	/usr/lib/system/libcorecrypto.dylib
0x0000000008fc2000 	/usr/lib/system/libdispatch.dylib
0x0000000008fc2000 	/usr/lib/system/libdyld.dylib
0x0000000008fc2000 	/usr/lib/system/libkeymgr.dylib
0x0000000008fc2000 	/usr/lib/system/liblaunch.dylib
0x0000000008fc2000 	/usr/lib/system/libmacho.dylib
0x0000000008fc2000 	/usr/lib/system/libquarantine.dylib
0x0000000008fc2000 	/usr/lib/system/libremovefile.dylib
0x0000000008fc2000 	/usr/lib/system/libsystem_asl.dylib
0x0000000008fc2000 	/usr/lib/system/libsystem_blocks.dylib
0x0000000008fc2000 	/usr/lib/system/libsystem_c.dylib
0x0000000008fc2000 	/usr/lib/system/libsystem_configuration.dylib
0x0000000008fc2000 	/usr/lib/system/libsystem_coreservices.dylib
0x0000000008fc2000 	/usr/lib/system/libsystem_coretls.dylib
0x0000000008fc2000 	/usr/lib/system/libsystem_dnssd.dylib
0x0000000008fc2000 	/usr/lib/system/libsystem_info.dylib
0x0000000008fc2000 	/usr/lib/system/libsystem_kernel.dylib
0x0000000008fc2000 	/usr/lib/system/libsystem_m.dylib
0x0000000008fc2000 	/usr/lib/system/libsystem_malloc.dylib
0x0000000008fc2000 	/usr/lib/system/libsystem_network.dylib
0x0000000008fc2000 	/usr/lib/system/libsystem_networkextension.dylib
0x0000000008fc2000 	/usr/lib/system/libsystem_notify.dylib
0x0000000008fc2000 	/usr/lib/system/libsystem_platform.dylib
0x0000000008fc2000 	/usr/lib/system/libsystem_pthread.dylib
0x0000000008fc2000 	/usr/lib/system/libsystem_sandbox.dylib
0x0000000008fc2000 	/usr/lib/system/libsystem_secinit.dylib
0x0000000008fc2000 	/usr/lib/system/libsystem_trace.dylib
0x0000000008fc2000 	/usr/lib/system/libunc.dylib
0x0000000008fc2000 	/usr/lib/system/libunwind.dylib
0x0000000008fc2000 	/usr/lib/system/libxpc.dylib
0x0000000008fc2000 	/usr/lib/libenergytrace.dylib
0x0000000008fc2000 	/usr/lib/libbsm.0.dylib
0x0000000008fc2000 	/usr/lib/system/libkxld.dylib
0x0000000008fc2000 	/usr/lib/libxar.1.dylib
0x0000000008fc2000 	/usr/lib/libsqlite3.dylib
0x0000000008fc2000 	/usr/lib/libpam.2.dylib
0x0000000008fc2000 	/usr/lib/libOpenScriptingUtil.dylib
0x0000000008fc2000 	/usr/lib/libbz2.1.0.dylib
0x0000000008fc2000 	/usr/lib/liblzma.5.dylib
0x0000000008fc2000 	/System/Library/Frameworks/CoreServices.framework/Versions/A/Frameworks/FSEvents.framework/Versions/A/FSEvents
0x0000000008fc2000 	/System/Library/Frameworks/CoreServices.framework/Versions/A/Frameworks/CarbonCore.framework/Versions/A/CarbonCore
0x0000000008fc2000 	/System/Library/Frameworks/CoreServices.framework/Versions/A/Frameworks/Metadata.framework/Versions/A/Metadata
0x0000000008fc2000 	/System/Library/Frameworks/CoreServices.framework/Versions/A/Frameworks/OSServices.framework/Versions/A/OSServices
0x0000000008fc2000 	/System/Library/Frameworks/CoreServices.framework/Versions/A/Frameworks/SearchKit.framework/Versions/A/SearchKit
0x0000000008fc2000 	/System/Library/Frameworks/CoreServices.framework/Versions/A/Frameworks/AE.framework/Versions/A/AE
0x0000000008fc2000 	/System/Library/Frameworks/CoreServices.framework/Versions/A/Frameworks/LaunchServices.framework/Versions/A/LaunchServices
0x0000000008fc2000 	/System/Library/Frameworks/CoreServices.framework/Versions/A/Frameworks/DictionaryServices.framework/Versions/A/DictionaryServices
0x0000000008fc2000 	/System/Library/Frameworks/CoreServices.framework/Versions/A/Frameworks/SharedFileList.framework/Versions/A/SharedFileList
0x0000000008fc2000 	/System/Library/Frameworks/NetFS.framework/Versions/A/NetFS
0x0000000008fc2000 	/System/Library/PrivateFrameworks/NetAuth.framework/Versions/A/NetAuth
0x0000000008fc2000 	/System/Library/PrivateFrameworks/login.framework/Versions/A/Frameworks/loginsupport.framework/Versions/A/loginsupport
0x0000000008fc2000 	/System/Library/PrivateFrameworks/TCC.framework/Versions/A/TCC
0x0000000008fc2000 	/usr/lib/libmecabra.dylib
0x0000000008fc2000 	/System/Library/Frameworks/ApplicationServices.framework/Versions/A/Frameworks/ATS.framework/Versions/A/ATS
0x0000000008fc2000 	/System/Library/Frameworks/ApplicationServices.framework/Versions/A/Frameworks/ColorSync.framework/Versions/A/ColorSync
0x0000000008fc2000 	/System/Library/Frameworks/ApplicationServices.framework/Versions/A/Frameworks/HIServices.framework/Versions/A/HIServices
0x0000000008fc2000 	/System/Library/Frameworks/ApplicationServices.framework/Versions/A/Frameworks/LangAnalysis.framework/Versions/A/LangAnalysis
0x0000000008fc2000 	/System/Library/Frameworks/ApplicationServices.framework/Versions/A/Frameworks/PrintCore.framework/Versions/A/PrintCore
0x0000000008fc2000 	/System/Library/Frameworks/ApplicationServices.framework/Versions/A/Frameworks/QD.framework/Versions/A/QD
0x0000000008fc2000 	/System/Library/Frameworks/ApplicationServices.framework/Versions/A/Frameworks/SpeechSynthesis.framework/Versions/A/SpeechSynthesis
0x0000000008fc2000 	/System/Library/Frameworks/Metal.framework/Versions/A/Metal
0x0000000008fc2000 	/System/Library/Frameworks/Accelerate.framework/Versions/A/Frameworks/vImage.framework/Versions/A/vImage
0x0000000008fc2000 	/System/Library/Frameworks/Accelerate.framework/Versions/A/Frameworks/vecLib.framework/Versions/A/vecLib
0x0000000008fc2000 	/System/Library/Frameworks/Accelerate.framework/Versions/A/Frameworks/vecLib.framework/Versions/A/libvDSP.dylib
0x0000000008fc2000 	/System/Library/Frameworks/Accelerate.framework/Versions/A/Frameworks/vecLib.framework/Versions/A/libvMisc.dylib
0x0000000008fc2000 	/System/Library/Frameworks/Accelerate.framework/Versions/A/Frameworks/vecLib.framework/Versions/A/libLAPACK.dylib
0x0000000008fc2000 	/System/Library/Frameworks/Accelerate.framework/Versions/A/Frameworks/vecLib.framework/Versions/A/libBLAS.dylib
0x0000000008fc2000 	/System/Library/Frameworks/Accelerate.framework/Versions/A/Frameworks/vecLib.framework/Versions/A/libLinearAlgebra.dylib
0x0000000008fc2000 	/System/Library/Frameworks/Accelerate.framework/Versions/A/Frameworks/vecLib.framework/Versions/A/libSparseBLAS.dylib
0x0000000008fc2000 	/System/Library/PrivateFrameworks/GPUCompiler.framework/libmetal_timestamp.dylib
0x0000000008fc2000 	/System/Library/Frameworks/OpenGL.framework/Versions/A/Libraries/libCoreFSCache.dylib
0x0000000008fc2000 	/System/Library/PrivateFrameworks/IOAccelerator.framework/Versions/A/IOAccelerator
0x0000000008fc2000 	/System/Library/Frameworks/ApplicationServices.framework/Versions/A/Frameworks/ATS.framework/Versions/A/Resources/libFontParser.dylib
0x0000000008fc2000 	/System/Library/Frameworks/ApplicationServices.framework/Versions/A/Frameworks/ATS.framework/Versions/A/Resources/libFontRegistry.dylib
0x0000000008fc2000 	/System/Library/PrivateFrameworks/AppleVPA.framework/Versions/A/AppleVPA
0x0000000008fc2000 	/System/Library/PrivateFrameworks/AppleJPEG.framework/Versions/A/AppleJPEG
0x0000000008fc2000 	/System/Library/Frameworks/ImageIO.framework/Versions/A/Resources/libJPEG.dylib
0x0000000008fc2000 	/System/Library/Frameworks/ImageIO.framework/Versions/A/Resources/libTIFF.dylib
0x0000000008fc2000 	/System/Library/Frameworks/ImageIO.framework/Versions/A/Resources/libPng.dylib
0x0000000008fc2000 	/System/Library/Frameworks/ImageIO.framework/Versions/A/Resources/libGIF.dylib
0x0000000008fc2000 	/System/Library/Frameworks/ImageIO.framework/Versions/A/Resources/libJP2.dylib
0x0000000008fc2000 	/System/Library/Frameworks/ImageIO.framework/Versions/A/Resources/libRadiance.dylib
0x0000000008fc2000 	/System/Library/Frameworks/CoreVideo.framework/Versions/A/CoreVideo
0x0000000008fc2000 	/System/Library/Frameworks/OpenGL.framework/Versions/A/Libraries/libGLU.dylib
0x0000000008fc2000 	/System/Library/Frameworks/OpenGL.framework/Versions/A/Libraries/libGFXShared.dylib
0x0000000008fc2000 	/System/Library/Frameworks/OpenGL.framework/Versions/A/Libraries/libGL.dylib
0x0000000008fc2000 	/System/Library/Frameworks/OpenGL.framework/Versions/A/Libraries/libGLImage.dylib
0x0000000008fc2000 	/System/Library/Frameworks/OpenGL.framework/Versions/A/Libraries/libCVMSPluginSupport.dylib
0x0000000008fc2000 	/System/Library/Frameworks/OpenGL.framework/Versions/A/Libraries/libCoreVMClient.dylib
0x0000000008fc2000 	/usr/lib/libcups.2.dylib
0x0000000008fc2000 	/System/Library/Frameworks/Kerberos.framework/Versions/A/Kerberos
0x0000000008fc2000 	/System/Library/Frameworks/GSS.framework/Versions/A/GSS
0x0000000008fc2000 	/usr/lib/libresolv.9.dylib
0x0000000008fc2000 	/usr/lib/libiconv.2.dylib
0x0000000008fc2000 	/System/Library/PrivateFrameworks/Heimdal.framework/Versions/A/Heimdal
0x0000000008fc2000 	/usr/lib/libheimdal-asn1.dylib
0x0000000008fc2000 	/System/Library/Frameworks/OpenDirectory.framework/Versions/A/OpenDirectory
0x0000000008fc2000 	/System/Library/PrivateFrameworks/CommonAuth.framework/Versions/A/CommonAuth
0x0000000008fc2000 	/System/Library/Frameworks/OpenDirectory.framework/Versions/A/Frameworks/CFOpenDirectory.framework/Versions/A/CFOpenDirectory
0x0000000008fc2000 	/System/Library/Frameworks/SecurityFoundation.framework/Versions/A/SecurityFoundation
0x0000000008fc2000 	/System/Library/PrivateFrameworks/LanguageModeling.framework/Versions/A/LanguageModeling
0x0000000008fc2000 	/usr/lib/libmarisa.dylib
0x0000000008fc2000 	/usr/lib/libChineseTokenizer.dylib
0x0000000008fc2000 	/usr/lib/libcmph.dylib
0x0000000008fc2000 	/usr/lib/libcompression.dylib
0x0000000008fc2000 	/System/Library/Frameworks/ServiceManagement.framework/Versions/A/ServiceManagement
0x0000000008fc2000 	/usr/lib/libxslt.1.dylib
0x0000000008fc2000 	/System/Library/Frameworks/Carbon.framework/Versions/A/Frameworks/Ink.framework/Versions/A/Ink
0x0000000008fc2000 	/usr/lib/libFosl_dynamic.dylib
0x0000000008fc2000 	/System/Library/PrivateFrameworks/FaceCore.framework/Versions/A/FaceCore
0x0000000008fc2000 	/System/Library/Frameworks/OpenCL.framework/Versions/A/OpenCL
0x0000000008fc2000 	/System/Library/PrivateFrameworks/CrashReporterSupport.framework/Versions/A/CrashReporterSupport
0x0000000008fc2000 	/System/Library/PrivateFrameworks/IconServices.framework/Versions/A/IconServices
0x0000000008fc2000 	/System/Library/PrivateFrameworks/Apple80211.framework/Versions/A/Apple80211
0x0000000008fc2000 	/System/Library/Frameworks/CoreWLAN.framework/Versions/A/CoreWLAN
0x0000000008fc2000 	/System/Library/Frameworks/IOBluetooth.framework/Versions/A/IOBluetooth
0x0000000008fc2000 	/System/Library/PrivateFrameworks/CoreWiFi.framework/Versions/A/CoreWiFi
0x0000000008fc2000 	/System/Library/Frameworks/CoreBluetooth.framework/Versions/A/CoreBluetooth
0x0000000008fc2000 	/System/Library/PrivateFrameworks/ChunkingLibrary.framework/Versions/A/ChunkingLibrary
0x0000000008fc2000 	/System/Library/PrivateFrameworks/DebugSymbols.framework/Versions/A/DebugSymbols
0x0000000008fc2000 	/System/Library/PrivateFrameworks/CoreSymbolication.framework/Versions/A/CoreSymbolication
0x0000000008fc2000 	/System/Library/PrivateFrameworks/Symbolication.framework/Versions/A/Symbolication
0x0000000008fc2000 	/System/Library/PrivateFrameworks/SpeechRecognitionCore.framework/Versions/A/SpeechRecognitionCore
0x000000010e5f4000 	/System/Library/CoreServices/Encodings/libSimplifiedChineseConverter.dylib
0x000000010f800000 	/Library/Java/JavaVirtualMachines/jdk1.8.0_51.jdk/Contents/Home/jre/lib/server/libjvm.dylib
0x0000000008fc2000 	/usr/lib/libstdc++.6.dylib
0x000000010e63c000 	/Library/Java/JavaVirtualMachines/jdk1.8.0_51.jdk/Contents/Home/jre/lib/libverify.dylib
0x000000010e64a000 	/Library/Java/JavaVirtualMachines/jdk1.8.0_51.jdk/Contents/Home/jre/lib/libjava.dylib
0x000000010e689000 	/Library/Java/JavaVirtualMachines/jdk1.8.0_51.jdk/Contents/Home/jre/lib/libzip.dylib
0x000000012b6b6000 	/System/Library/Frameworks/JavaVM.framework/Frameworks/JavaRuntimeSupport.framework/JavaRuntimeSupport
0x000000012b6d1000 	/System/Library/Frameworks/JavaVM.framework/Versions/A/Frameworks/JavaNativeFoundation.framework/Versions/A/JavaNativeFoundation
0x000000012b6e6000 	/System/Library/Frameworks/JavaVM.framework/Versions/A/JavaVM
0x0000000008fc2000 	/System/Library/Frameworks/Carbon.framework/Versions/A/Carbon
0x000000012b6f3000 	/System/Library/PrivateFrameworks/JavaLaunching.framework/Versions/A/JavaLaunching
0x0000000008fc2000 	/System/Library/Frameworks/Carbon.framework/Versions/A/Frameworks/CommonPanels.framework/Versions/A/CommonPanels
0x0000000008fc2000 	/System/Library/Frameworks/Carbon.framework/Versions/A/Frameworks/Help.framework/Versions/A/Help
0x0000000008fc2000 	/System/Library/Frameworks/Carbon.framework/Versions/A/Frameworks/ImageCapture.framework/Versions/A/ImageCapture
0x0000000008fc2000 	/System/Library/Frameworks/Carbon.framework/Versions/A/Frameworks/OpenScripting.framework/Versions/A/OpenScripting
0x0000000008fc2000 	/System/Library/Frameworks/Carbon.framework/Versions/A/Frameworks/Print.framework/Versions/A/Print
0x0000000008fc2000 	/System/Library/Frameworks/Carbon.framework/Versions/A/Frameworks/SecurityHI.framework/Versions/A/SecurityHI

VM Arguments:
jvm_args: -Dfile.encoding=UTF-8 
java_command: sort.BubbleSort
java_class_path (initial): /Users/liqqc/github/Lettcode/lettcode/bin:/Users/liqqc/github/Lettcode/lettcode/lib/guava-17.0-sources.jar:/Users/liqqc/github/Lettcode/lettcode/lib/guava-17.0.jar:/Users/liqqc/github/Lettcode/lettcode/lib/commons-logging-1.0.3.jar:/Users/liqqc/github/Lettcode/lettcode/lib/httpasyncclient-4.0.2.jar:/Users/liqqc/github/Lettcode/lettcode/lib/httpclient-4.3.5.jar:/Users/liqqc/github/Lettcode/lettcode/lib/httpcore-nio-4.3.2.jar:/Users/liqqc/github/Lettcode/lettcode/lib/spring-core-4.2.2.RELEASE.jar:/Users/liqqc/github/Lettcode/lettcode/lib/spring-web-4.2.2.RELEASE.jar:/Users/liqqc/github/Lettcode/lettcode/lib/jackson-annotations-2.6.4.jar:/Users/liqqc/github/Lettcode/lettcode/lib/jackson-core-2.6.4.jar:/Users/liqqc/github/Lettcode/lettcode/lib/jackson-databind-2.6.4.jar:/Users/liqqc/github/Lettcode/lettcode/lib/commons-io-2.4.jar:/Users/liqqc/github/Lettcode/lettcode/lib/commons-lang-2.6.jar:/Users/liqqc/github/Lettcode/lettcode/lib/junit-4.8.1.jar:/Users/liqqc/github/Lettcode/lettcode/lib/log4j-1.2.17.jar:/Users/liqqc/github/Lettcode/lettcode/lib/slf4j-api-1.6.6.jar:/Users/liqqc/github/Lettcode/lettcode/lib/slf4j-log4j12-1.6.6.jar:/Users/liqqc/github/Lettcode/lettcode/lib/spring-context-4.2.4.RELEASE.jar:/Users/liqqc/github/Lettcode/lettcode/lib/spring-aop-4.2.4.RELEASE.jar:/Users/liqqc/github/Lettcode/lettcode/lib/spring-beans-4.2.4.RELEASE.jar:/Users/liqqc/github/Lettcode/lettcode/lib/spring-core-4.2.4.RELEASE.jar:/Users/liqqc/github/Lettcode/lettcode/lib/jprotobuf-1.8.5.jar:/Users/liqqc/github/Lettcode/lettcode/lib/protobuf-java-2.5.0.jar:/Users/liqqc/Downloads/Eclipse 2.app/Contents/Eclipse/plugins/org.junit_4.12.0.v201504281640/junit.jar:/Users/liqqc/Downloads/Eclipse 2.app/Contents/Eclipse/plugins/org.hamcrest.core_1.3.0.v201303031735.jar
Launcher Type: SUN_STANDARD

Environment Variables:
PATH=/usr/bin:/bin:/usr/sbin:/sbin
SHELL=/bin/zsh

Signal Handlers:
SIGSEGV: [libjvm.dylib+0x58ef35], sa_mask[0]=11111111011111110111111111111111, sa_flags=SA_ONSTACK|SA_RESTART|SA_SIGINFO
SIGBUS: [libjvm.dylib+0x58ef35], sa_mask[0]=11111111011111110111111111111111, sa_flags=SA_RESTART|SA_SIGINFO
SIGFPE: [libjvm.dylib+0x46c028], sa_mask[0]=11111111011111110111111111111111, sa_flags=SA_RESTART|SA_SIGINFO
SIGPIPE: [libjvm.dylib+0x46c028], sa_mask[0]=11111111011111110111111111111111, sa_flags=SA_RESTART|SA_SIGINFO
SIGXFSZ: [libjvm.dylib+0x46c028], sa_mask[0]=11111111011111110111111111111111, sa_flags=SA_RESTART|SA_SIGINFO
SIGILL: [libjvm.dylib+0x46c028], sa_mask[0]=11111111011111110111111111111111, sa_flags=SA_RESTART|SA_SIGINFO
SIGUSR1: SIG_DFL, sa_mask[0]=00000000000000000000000000000000, sa_flags=none
SIGUSR2: [libjvm.dylib+0x46bb46], sa_mask[0]=00100000000000000000000000000000, sa_flags=SA_RESTART|SA_SIGINFO
SIGHUP: [libjvm.dylib+0x46a119], sa_mask[0]=11111111011111110111111111111111, sa_flags=SA_RESTART|SA_SIGINFO
SIGINT: [libjvm.dylib+0x46a119], sa_mask[0]=11111111011111110111111111111111, sa_flags=SA_RESTART|SA_SIGINFO
SIGTERM: [libjvm.dylib+0x46a119], sa_mask[0]=11111111011111110111111111111111, sa_flags=SA_RESTART|SA_SIGINFO
SIGQUIT: [libjvm.dylib+0x46a119], sa_mask[0]=11111111011111110111111111111111, sa_flags=SA_RESTART|SA_SIGINFO


---------------  S Y S T E M  ---------------

OS:Bsduname:Darwin 15.0.0 Darwin Kernel Version 15.0.0: Sat Sep 19 15:53:46 PDT 2015; root:xnu-3247.10.11~1/RELEASE_X86_64 x86_64
rlimit: STACK 8192k, CORE 0k, NPROC 709, NOFILE 10240, AS infinity
load average:4.19 4.43 3.98

CPU:total 8 (4 cores per cpu, 2 threads per core) family 6 model 70 stepping 1, cmov, cx8, fxsr, mmx, sse, sse2, sse3, ssse3, sse4.1, sse4.2, popcnt, avx, avx2, aes, clmul, erms, lzcnt, ht, tsc, tscinvbit, bmi1, bmi2

Memory: 4k page, physical 16777216k(151788k free)

/proc/meminfo:


vm_info: Java HotSpot(TM) 64-Bit Server VM (25.51-b03) for bsd-amd64 JRE (1.8.0_51-b16), built on Jun  8 2015 18:01:11 by "java_re" with gcc 4.2.1 (Based on Apple Inc. build 5658) (LLVM build 2336.11.00)

time: Thu Jul 21 11:41:30 2016
elapsed time: 551 seconds (0d 0h 9m 11s)

