#
# A fatal error has been detected by the Java Runtime Environment:
#
#  Internal Error (safepoint.cpp:310), pid=55828, tid=13315
#  guarantee(PageArmed == 0) failed: invariant
#
# JRE version: Java(TM) SE Runtime Environment (8.0_51-b16) (build 1.8.0_51-b16)
# Java VM: Java HotSpot(TM) 64-Bit Server VM (25.51-b03 mixed mode bsd-amd64 compressed oops)
# Failed to write core dump. Core dumps have been disabled. To enable core dumping, try "ulimit -c unlimited" before starting Java again
#
# If you would like to submit a bug report, please visit:
#   http://bugreport.java.com/bugreport/crash.jsp
#

---------------  T H R E A D  ---------------

Current thread (0x00007fcd3d83a000):  VMThread [stack: 0x0000700000a35000,0x0000700000b35000] [id=13315]

Stack: [0x0000700000a35000,0x0000700000b35000],  sp=0x0000700000b34910,  free space=1022k
Native frames: (J=compiled Java code, j=interpreted, Vv=VM code, C=native code)
V  [libjvm.dylib+0x58e75a]  VMError::report_and_die()+0x3f8
V  [libjvm.dylib+0x1e0237]  report_vm_error(char const*, int, char const*, char const*)+0x54
V  [libjvm.dylib+0x4c2da4]  SafepointSynchronize::begin()+0x2be
V  [libjvm.dylib+0x5948b7]  VMThread::loop()+0x209
V  [libjvm.dylib+0x5942f5]  VMThread::run()+0x79
V  [libjvm.dylib+0x46e99e]  java_start(Thread*)+0xf6
C  [libsystem_pthread.dylib+0x39b1]  _pthread_body+0x83
C  [libsystem_pthread.dylib+0x392e]  _pthread_body+0x0
C  [libsystem_pthread.dylib+0x1385]  thread_start+0xd


---------------  P R O C E S S  ---------------

Java Threads: ( => current thread )
  0x00007fcd3b9f6000 JavaThread "RMI TCP Connection(7)-127.0.0.1" daemon [_thread_blocked, id=25859, stack(0x0000700001df4000,0x0000700001ef4000)]
  0x00007fcd3c1b9800 JavaThread "RMI TCP Connection(6)-127.0.0.1" daemon [_thread_blocked, id=25347, stack(0x0000700001cf1000,0x0000700001df1000)]
  0x00007fcd3c091000 JavaThread "RMI TCP Connection(5)-127.0.0.1" daemon [_thread_blocked, id=24835, stack(0x0000700001bee000,0x0000700001cee000)]
  0x00007fcd3e800000 JavaThread "RMI TCP Connection(4)-127.0.0.1" daemon [_thread_blocked, id=24323, stack(0x0000700001aeb000,0x0000700001beb000)]
  0x00007fcd3b0a8000 JavaThread "JMX server connection timeout 16" daemon [_thread_blocked, id=23811, stack(0x00007000019e8000,0x0000700001ae8000)]
  0x00007fcd3b90f800 JavaThread "RMI TCP Connection(2)-127.0.0.1" daemon [_thread_blocked, id=23299, stack(0x00007000018e5000,0x00007000019e5000)]
  0x00007fcd3e004800 JavaThread "RMI Scheduler(0)" daemon [_thread_blocked, id=22787, stack(0x00007000017e2000,0x00007000018e2000)]
  0x00007fcd3b8fa800 JavaThread "RMI TCP Connection(3)-127.0.0.1" daemon [_thread_blocked, id=16647, stack(0x00007000016df000,0x00007000017df000)]
  0x00007fcd3d86f000 JavaThread "RMI TCP Accept-0" daemon [_thread_blocked, id=15367, stack(0x00007000015dc000,0x00007000016dc000)]
  0x00007fcd3b042000 JavaThread "Attach Listener" daemon [_thread_blocked, id=15883, stack(0x0000700000d3e000,0x0000700000e3e000)]
  0x00007fcd3b82c800 JavaThread "Service Thread" daemon [_thread_blocked, id=21507, stack(0x00007000013d6000,0x00007000014d6000)]
  0x00007fcd3b03a800 JavaThread "C1 CompilerThread3" daemon [_thread_blocked, id=20995, stack(0x00007000012d3000,0x00007000013d3000)]
  0x00007fcd3b802000 JavaThread "C2 CompilerThread2" daemon [_thread_blocked, id=20483, stack(0x00007000011d0000,0x00007000012d0000)]
  0x00007fcd3b039800 JavaThread "C2 CompilerThread1" daemon [_thread_blocked, id=19971, stack(0x00007000010cd000,0x00007000011cd000)]
  0x00007fcd3d847000 JavaThread "C2 CompilerThread0" daemon [_thread_blocked, id=19459, stack(0x0000700000fca000,0x00007000010ca000)]
  0x00007fcd3b04d000 JavaThread "Signal Dispatcher" daemon [_thread_blocked, id=18715, stack(0x0000700000ec7000,0x0000700000fc7000)]
  0x00007fcd3d83b800 JavaThread "Finalizer" daemon [_thread_blocked, id=14339, stack(0x0000700000c3b000,0x0000700000d3b000)]
  0x00007fcd3d83b000 JavaThread "Reference Handler" daemon [_thread_blocked, id=13827, stack(0x0000700000b38000,0x0000700000c38000)]
  0x00007fcd3d802000 JavaThread "main" [_thread_in_Java, id=5891, stack(0x000070000011a000,0x000070000021a000)]

Other Threads:
=>0x00007fcd3d83a000 VMThread [stack: 0x0000700000a35000,0x0000700000b35000] [id=13315]
  0x00007fcd3b82d000 WatcherThread [stack: 0x00007000014d9000,0x00007000015d9000] [id=22019]

VM state:synchronizing (normal execution)

VM Mutex/Monitor currently owned by a thread:  ([mutex/lock_event])
[0x00007fcd3af0c220] Safepoint_lock - owner thread: 0x00007fcd3d83a000
[0x00007fcd3af0c2a0] Threads_lock - owner thread: 0x00007fcd3d83a000

Heap:
 PSYoungGen      total 76288K, used 27891K [0x000000076ab00000, 0x0000000770000000, 0x00000007c0000000)
  eden space 65536K, 42% used [0x000000076ab00000,0x000000076c63cc40,0x000000076eb00000)
  from space 10752K, 0% used [0x000000076f580000,0x000000076f580000,0x0000000770000000)
  to   space 10752K, 0% used [0x000000076eb00000,0x000000076eb00000,0x000000076f580000)
 ParOldGen       total 175104K, used 0K [0x00000006c0000000, 0x00000006cab00000, 0x000000076ab00000)
  object space 175104K, 0% used [0x00000006c0000000,0x00000006c0000000,0x00000006cab00000)
 Metaspace       used 8563K, capacity 8882K, committed 9088K, reserved 1056768K
  class space    used 1010K, capacity 1105K, committed 1152K, reserved 1048576K

Card table byte_map: [0x0000000115129000,0x000000011592a000] byte_map_base: 0x0000000111b29000

Marking Bits: (ParMarkBitMap*) 0x00000001056c27a0
 Begin Bits: [0x0000000115e80000, 0x0000000119e80000)
 End Bits:   [0x0000000119e80000, 0x000000011de80000)

Polling page: 0x0000000103cfd000

CodeCache: size=245760Kb used=2900Kb max_used=2911Kb free=242859Kb
 bounds [0x0000000105d69000, 0x0000000106049000, 0x0000000114d69000]
 total_blobs=1103 nmethods=776 adapters=241
 compilation: enabled

Compilation events (10 events):
Event: 33.681 Thread 0x00007fcd3b03a800 nmethod 781 0x0000000106032690 code [0x0000000106032820, 0x0000000106032bc8]
Event: 33.703 Thread 0x00007fcd3b802000 nmethod 771 0x0000000106041690 code [0x00000001060419a0, 0x0000000106042f08]
Event: 34.237 Thread 0x00007fcd3d847000  782       4       java.lang.Math::random (7 bytes)
Event: 34.237 Thread 0x00007fcd3b039800  783       4       java.util.Random::nextDouble (24 bytes)
Event: 34.237 Thread 0x00007fcd3b802000  784 %     4       sort.BubbleSort::getArr @ 9 (29 bytes)
Event: 34.238 Thread 0x00007fcd3d847000 nmethod 782 0x0000000105e8fb90 code [0x0000000105e8fd00, 0x0000000105e8fe38]
Event: 34.238 Thread 0x00007fcd3b039800 nmethod 783 0x0000000106031950 code [0x0000000106031ac0, 0x0000000106031c58]
Event: 34.239 Thread 0x00007fcd3b802000 nmethod 784% 0x0000000106032090 code [0x0000000106032220, 0x0000000106032478]
Event: 34.239 Thread 0x00007fcd3d847000  785       4       sort.BubbleSort::getArr (29 bytes)
Event: 34.242 Thread 0x00007fcd3d847000 nmethod 785 0x0000000106041010 code [0x00000001060411a0, 0x0000000106041438]

GC Heap History (0 events):
No events

Deoptimization events (4 events):
Event: 0.374 Thread 0x00007fcd3d802000 Uncommon trap: reason=unloaded action=reinterpret pc=0x0000000105e8ff68 method=sort.BubbleSort.bubbleSort([I)[I @ 80
Event: 17.826 Thread 0x00007fcd3e800000 Uncommon trap: reason=unstable_if action=reinterpret pc=0x0000000105faee3c method=java.io.ObjectOutputStream$BlockDataOutputStream.writeBytes(Ljava/lang/String;)V @ 22
Event: 21.663 Thread 0x00007fcd3c1b9800 Uncommon trap: reason=unstable_if action=reinterpret pc=0x0000000105fea73c method=java.io.ObjectOutputStream$BlockDataOutputStream.writeBytes(Ljava/lang/String;)V @ 22
Event: 34.234 Thread 0x00007fcd3d802000 Uncommon trap: reason=unstable_if action=reinterpret pc=0x0000000105e96bc0 method=sort.BubbleSort.bubbleSort([I)[I @ 74

Internal exceptions (10 events):
Event: 17.674 Thread 0x00007fcd3b8fa800 Exception <a 'java/lang/NoSuchMethodError': <clinit>> (0x000000076b803b30) thrown at [/Users/java_re/workspace/8-2-build-macosx-x86_64/jdk8u51/3951/hotspot/src/share/vm/prims/jni.cpp, line 1598]
Event: 17.681 Thread 0x00007fcd3b8fa800 Exception <a 'java/lang/NoSuchMethodError': <clinit>> (0x000000076b8174c8) thrown at [/Users/java_re/workspace/8-2-build-macosx-x86_64/jdk8u51/3951/hotspot/src/share/vm/prims/jni.cpp, line 1598]
Event: 17.719 Thread 0x00007fcd3c1b9800 Exception <a 'java/lang/NoSuchMethodError': <clinit>> (0x000000076bec0e20) thrown at [/Users/java_re/workspace/8-2-build-macosx-x86_64/jdk8u51/3951/hotspot/src/share/vm/prims/jni.cpp, line 1598]
Event: 17.728 Thread 0x00007fcd3c091000 Exception <a 'java/lang/NoSuchMethodError': <clinit>> (0x000000076bd8b2a8) thrown at [/Users/java_re/workspace/8-2-build-macosx-x86_64/jdk8u51/3951/hotspot/src/share/vm/prims/jni.cpp, line 1598]
Event: 17.811 Thread 0x00007fcd3e800000 Exception <a 'java/lang/reflect/InvocationTargetException'> (0x000000076bcae0f8) thrown at [/Users/java_re/workspace/8-2-build-macosx-x86_64/jdk8u51/3951/hotspot/src/share/vm/runtime/reflection.cpp, line 1080]
Event: 17.814 Thread 0x00007fcd3e800000 Exception <a 'java/lang/reflect/InvocationTargetException'> (0x000000076bcb47c0) thrown at [/Users/java_re/workspace/8-2-build-macosx-x86_64/jdk8u51/3951/hotspot/src/share/vm/runtime/reflection.cpp, line 1080]
Event: 21.669 Thread 0x00007fcd3c1b9800 Exception <a 'java/lang/reflect/InvocationTargetException'> (0x000000076bf38c60) thrown at [/Users/java_re/workspace/8-2-build-macosx-x86_64/jdk8u51/3951/hotspot/src/share/vm/runtime/reflection.cpp, line 1080]
Event: 21.671 Thread 0x00007fcd3c1b9800 Exception <a 'java/lang/reflect/InvocationTargetException'> (0x000000076bf3c548) thrown at [/Users/java_re/workspace/8-2-build-macosx-x86_64/jdk8u51/3951/hotspot/src/share/vm/runtime/reflection.cpp, line 1080]
Event: 25.666 Thread 0x00007fcd3e800000 Exception <a 'java/lang/reflect/InvocationTargetException'> (0x000000076bcf4790) thrown at [/Users/java_re/workspace/8-2-build-macosx-x86_64/jdk8u51/3951/hotspot/src/share/vm/runtime/reflection.cpp, line 1080]
Event: 25.667 Thread 0x00007fcd3e800000 Exception <a 'java/lang/reflect/InvocationTargetException'> (0x000000076bcf8040) thrown at [/Users/java_re/workspace/8-2-build-macosx-x86_64/jdk8u51/3951/hotspot/src/share/vm/runtime/reflection.cpp, line 1080]

Events (10 events):
Event: 33.668 Thread 0x00007fcd3b03a800 flushing nmethod 0x0000000105e69c90
Event: 33.668 Thread 0x00007fcd3b03a800 flushing nmethod 0x0000000105e74a10
Event: 33.668 Thread 0x00007fcd3b03a800 flushing nmethod 0x0000000105e75110
Event: 33.668 Thread 0x00007fcd3d847000 flushing nmethod 0x0000000105e8dcd0
Event: 33.668 Thread 0x00007fcd3d847000 flushing nmethod 0x0000000105e8fb90
Event: 33.668 Thread 0x00007fcd3d847000 flushing nmethod 0x0000000105e90150
Event: 33.668 Thread 0x00007fcd3d847000 flushing nmethod 0x0000000105e92710
Event: 34.234 Thread 0x00007fcd3d802000 Uncommon trap: trap_request=0xffffff65 fr.pc=0x0000000105e96bc0
Event: 34.234 Thread 0x00007fcd3d802000 DEOPT PACKING pc=0x0000000105e96bc0 sp=0x0000700000219860
Event: 34.234 Thread 0x00007fcd3d802000 DEOPT UNPACKING pc=0x0000000105d6e229 sp=0x0000700000219818 mode 2


Dynamic libraries:
0x0000000008fc2000 	/System/Library/Frameworks/Cocoa.framework/Versions/A/Cocoa
0x0000000008fc2000 	/System/Library/Frameworks/Security.framework/Versions/A/Security
0x0000000008fc2000 	/System/Library/Frameworks/ApplicationServices.framework/Versions/A/ApplicationServices
0x0000000008fc2000 	/usr/lib/libz.1.dylib
0x0000000008fc2000 	/usr/lib/libSystem.B.dylib
0x0000000008fc2000 	/usr/lib/libobjc.A.dylib
0x0000000008fc2000 	/System/Library/Frameworks/CoreFoundation.framework/Versions/A/CoreFoundation
0x0000000008fc2000 	/System/Library/Frameworks/Foundation.framework/Versions/C/Foundation
0x0000000008fc2000 	/System/Library/Frameworks/AppKit.framework/Versions/C/AppKit
0x0000000008fc2000 	/System/Library/Frameworks/CoreData.framework/Versions/A/CoreData
0x0000000008fc2000 	/System/Library/PrivateFrameworks/RemoteViewServices.framework/Versions/A/RemoteViewServices
0x0000000008fc2000 	/System/Library/PrivateFrameworks/UIFoundation.framework/Versions/A/UIFoundation
0x0000000008fc2000 	/usr/lib/libScreenReader.dylib
0x0000000008fc2000 	/System/Library/Frameworks/Accelerate.framework/Versions/A/Accelerate
0x0000000008fc2000 	/System/Library/Frameworks/IOSurface.framework/Versions/A/IOSurface
0x0000000008fc2000 	/System/Library/Frameworks/AudioToolbox.framework/Versions/A/AudioToolbox
0x0000000008fc2000 	/System/Library/Frameworks/AudioUnit.framework/Versions/A/AudioUnit
0x0000000008fc2000 	/System/Library/PrivateFrameworks/DataDetectorsCore.framework/Versions/A/DataDetectorsCore
0x0000000008fc2000 	/System/Library/PrivateFrameworks/DesktopServicesPriv.framework/Versions/A/DesktopServicesPriv
0x0000000008fc2000 	/System/Library/Frameworks/Carbon.framework/Versions/A/Frameworks/HIToolbox.framework/Versions/A/HIToolbox
0x0000000008fc2000 	/System/Library/Frameworks/QuartzCore.framework/Versions/A/QuartzCore
0x0000000008fc2000 	/System/Library/Frameworks/Carbon.framework/Versions/A/Frameworks/SpeechRecognition.framework/Versions/A/SpeechRecognition
0x0000000008fc2000 	/usr/lib/libauto.dylib
0x0000000008fc2000 	/usr/lib/libicucore.A.dylib
0x0000000008fc2000 	/usr/lib/libxml2.2.dylib
0x0000000008fc2000 	/System/Library/PrivateFrameworks/CoreUI.framework/Versions/A/CoreUI
0x0000000008fc2000 	/System/Library/Frameworks/CoreAudio.framework/Versions/A/CoreAudio
0x0000000008fc2000 	/System/Library/Frameworks/DiskArbitration.framework/Versions/A/DiskArbitration
0x0000000008fc2000 	/usr/lib/liblangid.dylib
0x0000000008fc2000 	/System/Library/PrivateFrameworks/MultitouchSupport.framework/Versions/A/MultitouchSupport
0x0000000008fc2000 	/System/Library/Frameworks/IOKit.framework/Versions/A/IOKit
0x0000000008fc2000 	/usr/lib/libDiagnosticMessagesClient.dylib
0x0000000008fc2000 	/System/Library/Frameworks/CoreServices.framework/Versions/A/CoreServices
0x0000000008fc2000 	/System/Library/PrivateFrameworks/PerformanceAnalysis.framework/Versions/A/PerformanceAnalysis
0x0000000008fc2000 	/System/Library/PrivateFrameworks/GenerationalStorage.framework/Versions/A/GenerationalStorage
0x0000000008fc2000 	/System/Library/Frameworks/OpenGL.framework/Versions/A/OpenGL
0x0000000008fc2000 	/System/Library/PrivateFrameworks/Sharing.framework/Versions/A/Sharing
0x0000000008fc2000 	/System/Library/Frameworks/CoreGraphics.framework/Versions/A/CoreGraphics
0x0000000008fc2000 	/System/Library/Frameworks/CoreImage.framework/Versions/A/CoreImage
0x0000000008fc2000 	/System/Library/Frameworks/CoreText.framework/Versions/A/CoreText
0x0000000008fc2000 	/System/Library/Frameworks/ImageIO.framework/Versions/A/ImageIO
0x0000000008fc2000 	/System/Library/PrivateFrameworks/Backup.framework/Versions/A/Backup
0x0000000008fc2000 	/usr/lib/libextension.dylib
0x0000000008fc2000 	/usr/lib/libarchive.2.dylib
0x0000000008fc2000 	/System/Library/Frameworks/CFNetwork.framework/Versions/A/CFNetwork
0x0000000008fc2000 	/System/Library/Frameworks/SystemConfiguration.framework/Versions/A/SystemConfiguration
0x0000000008fc2000 	/usr/lib/libCRFSuite.dylib
0x0000000008fc2000 	/usr/lib/libc++.1.dylib
0x0000000008fc2000 	/usr/lib/libc++abi.dylib
0x0000000008fc2000 	/usr/lib/system/libcache.dylib
0x0000000008fc2000 	/usr/lib/system/libcommonCrypto.dylib
0x0000000008fc2000 	/usr/lib/system/libcompiler_rt.dylib
0x0000000008fc2000 	/usr/lib/system/libcopyfile.dylib
0x0000000008fc2000 	/usr/lib/system/libcorecrypto.dylib
0x0000000008fc2000 	/usr/lib/system/libdispatch.dylib
0x0000000008fc2000 	/usr/lib/system/libdyld.dylib
0x0000000008fc2000 	/usr/lib/system/libkeymgr.dylib
0x0000000008fc2000 	/usr/lib/system/liblaunch.dylib
0x0000000008fc2000 	/usr/lib/system/libmacho.dylib
0x0000000008fc2000 	/usr/lib/system/libquarantine.dylib
0x0000000008fc2000 	/usr/lib/system/libremovefile.dylib
0x0000000008fc2000 	/usr/lib/system/libsystem_asl.dylib
0x0000000008fc2000 	/usr/lib/system/libsystem_blocks.dylib
0x0000000008fc2000 	/usr/lib/system/libsystem_c.dylib
0x0000000008fc2000 	/usr/lib/system/libsystem_configuration.dylib
0x0000000008fc2000 	/usr/lib/system/libsystem_coreservices.dylib
0x0000000008fc2000 	/usr/lib/system/libsystem_coretls.dylib
0x0000000008fc2000 	/usr/lib/system/libsystem_dnssd.dylib
0x0000000008fc2000 	/usr/lib/system/libsystem_info.dylib
0x0000000008fc2000 	/usr/lib/system/libsystem_kernel.dylib
0x0000000008fc2000 	/usr/lib/system/libsystem_m.dylib
0x0000000008fc2000 	/usr/lib/system/libsystem_malloc.dylib
0x0000000008fc2000 	/usr/lib/system/libsystem_network.dylib
0x0000000008fc2000 	/usr/lib/system/libsystem_networkextension.dylib
0x0000000008fc2000 	/usr/lib/system/libsystem_notify.dylib
0x0000000008fc2000 	/usr/lib/system/libsystem_platform.dylib
0x0000000008fc2000 	/usr/lib/system/libsystem_pthread.dylib
0x0000000008fc2000 	/usr/lib/system/libsystem_sandbox.dylib
0x0000000008fc2000 	/usr/lib/system/libsystem_secinit.dylib
0x0000000008fc2000 	/usr/lib/system/libsystem_trace.dylib
0x0000000008fc2000 	/usr/lib/system/libunc.dylib
0x0000000008fc2000 	/usr/lib/system/libunwind.dylib
0x0000000008fc2000 	/usr/lib/system/libxpc.dylib
0x0000000008fc2000 	/usr/lib/libenergytrace.dylib
0x0000000008fc2000 	/usr/lib/libbsm.0.dylib
0x0000000008fc2000 	/usr/lib/system/libkxld.dylib
0x0000000008fc2000 	/usr/lib/libxar.1.dylib
0x0000000008fc2000 	/usr/lib/libsqlite3.dylib
0x0000000008fc2000 	/usr/lib/libpam.2.dylib
0x0000000008fc2000 	/usr/lib/libOpenScriptingUtil.dylib
0x0000000008fc2000 	/usr/lib/libbz2.1.0.dylib
0x0000000008fc2000 	/usr/lib/liblzma.5.dylib
0x0000000008fc2000 	/System/Library/Frameworks/CoreServices.framework/Versions/A/Frameworks/FSEvents.framework/Versions/A/FSEvents
0x0000000008fc2000 	/System/Library/Frameworks/CoreServices.framework/Versions/A/Frameworks/CarbonCore.framework/Versions/A/CarbonCore
0x0000000008fc2000 	/System/Library/Frameworks/CoreServices.framework/Versions/A/Frameworks/Metadata.framework/Versions/A/Metadata
0x0000000008fc2000 	/System/Library/Frameworks/CoreServices.framework/Versions/A/Frameworks/OSServices.framework/Versions/A/OSServices
0x0000000008fc2000 	/System/Library/Frameworks/CoreServices.framework/Versions/A/Frameworks/SearchKit.framework/Versions/A/SearchKit
0x0000000008fc2000 	/System/Library/Frameworks/CoreServices.framework/Versions/A/Frameworks/AE.framework/Versions/A/AE
0x0000000008fc2000 	/System/Library/Frameworks/CoreServices.framework/Versions/A/Frameworks/LaunchServices.framework/Versions/A/LaunchServices
0x0000000008fc2000 	/System/Library/Frameworks/CoreServices.framework/Versions/A/Frameworks/DictionaryServices.framework/Versions/A/DictionaryServices
0x0000000008fc2000 	/System/Library/Frameworks/CoreServices.framework/Versions/A/Frameworks/SharedFileList.framework/Versions/A/SharedFileList
0x0000000008fc2000 	/System/Library/Frameworks/NetFS.framework/Versions/A/NetFS
0x0000000008fc2000 	/System/Library/PrivateFrameworks/NetAuth.framework/Versions/A/NetAuth
0x0000000008fc2000 	/System/Library/PrivateFrameworks/login.framework/Versions/A/Frameworks/loginsupport.framework/Versions/A/loginsupport
0x0000000008fc2000 	/System/Library/PrivateFrameworks/TCC.framework/Versions/A/TCC
0x0000000008fc2000 	/usr/lib/libmecabra.dylib
0x0000000008fc2000 	/System/Library/Frameworks/ApplicationServices.framework/Versions/A/Frameworks/ATS.framework/Versions/A/ATS
0x0000000008fc2000 	/System/Library/Frameworks/ApplicationServices.framework/Versions/A/Frameworks/ColorSync.framework/Versions/A/ColorSync
0x0000000008fc2000 	/System/Library/Frameworks/ApplicationServices.framework/Versions/A/Frameworks/HIServices.framework/Versions/A/HIServices
0x0000000008fc2000 	/System/Library/Frameworks/ApplicationServices.framework/Versions/A/Frameworks/LangAnalysis.framework/Versions/A/LangAnalysis
0x0000000008fc2000 	/System/Library/Frameworks/ApplicationServices.framework/Versions/A/Frameworks/PrintCore.framework/Versions/A/PrintCore
0x0000000008fc2000 	/System/Library/Frameworks/ApplicationServices.framework/Versions/A/Frameworks/QD.framework/Versions/A/QD
0x0000000008fc2000 	/System/Library/Frameworks/ApplicationServices.framework/Versions/A/Frameworks/SpeechSynthesis.framework/Versions/A/SpeechSynthesis
0x0000000008fc2000 	/System/Library/Frameworks/Metal.framework/Versions/A/Metal
0x0000000008fc2000 	/System/Library/Frameworks/Accelerate.framework/Versions/A/Frameworks/vImage.framework/Versions/A/vImage
0x0000000008fc2000 	/System/Library/Frameworks/Accelerate.framework/Versions/A/Frameworks/vecLib.framework/Versions/A/vecLib
0x0000000008fc2000 	/System/Library/Frameworks/Accelerate.framework/Versions/A/Frameworks/vecLib.framework/Versions/A/libvDSP.dylib
0x0000000008fc2000 	/System/Library/Frameworks/Accelerate.framework/Versions/A/Frameworks/vecLib.framework/Versions/A/libvMisc.dylib
0x0000000008fc2000 	/System/Library/Frameworks/Accelerate.framework/Versions/A/Frameworks/vecLib.framework/Versions/A/libLAPACK.dylib
0x0000000008fc2000 	/System/Library/Frameworks/Accelerate.framework/Versions/A/Frameworks/vecLib.framework/Versions/A/libBLAS.dylib
0x0000000008fc2000 	/System/Library/Frameworks/Accelerate.framework/Versions/A/Frameworks/vecLib.framework/Versions/A/libLinearAlgebra.dylib
0x0000000008fc2000 	/System/Library/Frameworks/Accelerate.framework/Versions/A/Frameworks/vecLib.framework/Versions/A/libSparseBLAS.dylib
0x0000000008fc2000 	/System/Library/PrivateFrameworks/GPUCompiler.framework/libmetal_timestamp.dylib
0x0000000008fc2000 	/System/Library/Frameworks/OpenGL.framework/Versions/A/Libraries/libCoreFSCache.dylib
0x0000000008fc2000 	/System/Library/PrivateFrameworks/IOAccelerator.framework/Versions/A/IOAccelerator
0x0000000008fc2000 	/System/Library/Frameworks/ApplicationServices.framework/Versions/A/Frameworks/ATS.framework/Versions/A/Resources/libFontParser.dylib
0x0000000008fc2000 	/System/Library/Frameworks/ApplicationServices.framework/Versions/A/Frameworks/ATS.framework/Versions/A/Resources/libFontRegistry.dylib
0x0000000008fc2000 	/System/Library/PrivateFrameworks/AppleVPA.framework/Versions/A/AppleVPA
0x0000000008fc2000 	/System/Library/PrivateFrameworks/AppleJPEG.framework/Versions/A/AppleJPEG
0x0000000008fc2000 	/System/Library/Frameworks/ImageIO.framework/Versions/A/Resources/libJPEG.dylib
0x0000000008fc2000 	/System/Library/Frameworks/ImageIO.framework/Versions/A/Resources/libTIFF.dylib
0x0000000008fc2000 	/System/Library/Frameworks/ImageIO.framework/Versions/A/Resources/libPng.dylib
0x0000000008fc2000 	/System/Library/Frameworks/ImageIO.framework/Versions/A/Resources/libGIF.dylib
0x0000000008fc2000 	/System/Library/Frameworks/ImageIO.framework/Versions/A/Resources/libJP2.dylib
0x0000000008fc2000 	/System/Library/Frameworks/ImageIO.framework/Versions/A/Resources/libRadiance.dylib
0x0000000008fc2000 	/System/Library/Frameworks/CoreVideo.framework/Versions/A/CoreVideo
0x0000000008fc2000 	/System/Library/Frameworks/OpenGL.framework/Versions/A/Libraries/libGLU.dylib
0x0000000008fc2000 	/System/Library/Frameworks/OpenGL.framework/Versions/A/Libraries/libGFXShared.dylib
0x0000000008fc2000 	/System/Library/Frameworks/OpenGL.framework/Versions/A/Libraries/libGL.dylib
0x0000000008fc2000 	/System/Library/Frameworks/OpenGL.framework/Versions/A/Libraries/libGLImage.dylib
0x0000000008fc2000 	/System/Library/Frameworks/OpenGL.framework/Versions/A/Libraries/libCVMSPluginSupport.dylib
0x0000000008fc2000 	/System/Library/Frameworks/OpenGL.framework/Versions/A/Libraries/libCoreVMClient.dylib
0x0000000008fc2000 	/usr/lib/libcups.2.dylib
0x0000000008fc2000 	/System/Library/Frameworks/Kerberos.framework/Versions/A/Kerberos
0x0000000008fc2000 	/System/Library/Frameworks/GSS.framework/Versions/A/GSS
0x0000000008fc2000 	/usr/lib/libresolv.9.dylib
0x0000000008fc2000 	/usr/lib/libiconv.2.dylib
0x0000000008fc2000 	/System/Library/PrivateFrameworks/Heimdal.framework/Versions/A/Heimdal
0x0000000008fc2000 	/usr/lib/libheimdal-asn1.dylib
0x0000000008fc2000 	/System/Library/Frameworks/OpenDirectory.framework/Versions/A/OpenDirectory
0x0000000008fc2000 	/System/Library/PrivateFrameworks/CommonAuth.framework/Versions/A/CommonAuth
0x0000000008fc2000 	/System/Library/Frameworks/OpenDirectory.framework/Versions/A/Frameworks/CFOpenDirectory.framework/Versions/A/CFOpenDirectory
0x0000000008fc2000 	/System/Library/Frameworks/SecurityFoundation.framework/Versions/A/SecurityFoundation
0x0000000008fc2000 	/System/Library/PrivateFrameworks/LanguageModeling.framework/Versions/A/LanguageModeling
0x0000000008fc2000 	/usr/lib/libmarisa.dylib
0x0000000008fc2000 	/usr/lib/libChineseTokenizer.dylib
0x0000000008fc2000 	/usr/lib/libcmph.dylib
0x0000000008fc2000 	/usr/lib/libcompression.dylib
0x0000000008fc2000 	/System/Library/Frameworks/ServiceManagement.framework/Versions/A/ServiceManagement
0x0000000008fc2000 	/usr/lib/libxslt.1.dylib
0x0000000008fc2000 	/System/Library/Frameworks/Carbon.framework/Versions/A/Frameworks/Ink.framework/Versions/A/Ink
0x0000000008fc2000 	/usr/lib/libFosl_dynamic.dylib
0x0000000008fc2000 	/System/Library/PrivateFrameworks/FaceCore.framework/Versions/A/FaceCore
0x0000000008fc2000 	/System/Library/Frameworks/OpenCL.framework/Versions/A/OpenCL
0x0000000008fc2000 	/System/Library/PrivateFrameworks/CrashReporterSupport.framework/Versions/A/CrashReporterSupport
0x0000000008fc2000 	/System/Library/PrivateFrameworks/IconServices.framework/Versions/A/IconServices
0x0000000008fc2000 	/System/Library/PrivateFrameworks/Apple80211.framework/Versions/A/Apple80211
0x0000000008fc2000 	/System/Library/Frameworks/CoreWLAN.framework/Versions/A/CoreWLAN
0x0000000008fc2000 	/System/Library/Frameworks/IOBluetooth.framework/Versions/A/IOBluetooth
0x0000000008fc2000 	/System/Library/PrivateFrameworks/CoreWiFi.framework/Versions/A/CoreWiFi
0x0000000008fc2000 	/System/Library/Frameworks/CoreBluetooth.framework/Versions/A/CoreBluetooth
0x0000000008fc2000 	/System/Library/PrivateFrameworks/ChunkingLibrary.framework/Versions/A/ChunkingLibrary
0x0000000008fc2000 	/System/Library/PrivateFrameworks/DebugSymbols.framework/Versions/A/DebugSymbols
0x0000000008fc2000 	/System/Library/PrivateFrameworks/CoreSymbolication.framework/Versions/A/CoreSymbolication
0x0000000008fc2000 	/System/Library/PrivateFrameworks/Symbolication.framework/Versions/A/Symbolication
0x0000000008fc2000 	/System/Library/PrivateFrameworks/SpeechRecognitionCore.framework/Versions/A/SpeechRecognitionCore
0x0000000103c72000 	/System/Library/CoreServices/Encodings/libSimplifiedChineseConverter.dylib
0x0000000104e00000 	/Library/Java/JavaVirtualMachines/jdk1.8.0_51.jdk/Contents/Home/jre/lib/server/libjvm.dylib
0x0000000008fc2000 	/usr/lib/libstdc++.6.dylib
0x0000000103cba000 	/Library/Java/JavaVirtualMachines/jdk1.8.0_51.jdk/Contents/Home/jre/lib/libverify.dylib
0x0000000103cc8000 	/Library/Java/JavaVirtualMachines/jdk1.8.0_51.jdk/Contents/Home/jre/lib/libjava.dylib
0x0000000103d07000 	/Library/Java/JavaVirtualMachines/jdk1.8.0_51.jdk/Contents/Home/jre/lib/libzip.dylib
0x0000000103de4000 	/System/Library/Frameworks/JavaVM.framework/Frameworks/JavaRuntimeSupport.framework/JavaRuntimeSupport
0x0000000120d4c000 	/System/Library/Frameworks/JavaVM.framework/Versions/A/Frameworks/JavaNativeFoundation.framework/Versions/A/JavaNativeFoundation
0x0000000120d61000 	/System/Library/Frameworks/JavaVM.framework/Versions/A/JavaVM
0x0000000008fc2000 	/System/Library/Frameworks/Carbon.framework/Versions/A/Carbon
0x0000000120d6e000 	/System/Library/PrivateFrameworks/JavaLaunching.framework/Versions/A/JavaLaunching
0x0000000008fc2000 	/System/Library/Frameworks/Carbon.framework/Versions/A/Frameworks/CommonPanels.framework/Versions/A/CommonPanels
0x0000000008fc2000 	/System/Library/Frameworks/Carbon.framework/Versions/A/Frameworks/Help.framework/Versions/A/Help
0x0000000008fc2000 	/System/Library/Frameworks/Carbon.framework/Versions/A/Frameworks/ImageCapture.framework/Versions/A/ImageCapture
0x0000000008fc2000 	/System/Library/Frameworks/Carbon.framework/Versions/A/Frameworks/OpenScripting.framework/Versions/A/OpenScripting
0x0000000008fc2000 	/System/Library/Frameworks/Carbon.framework/Versions/A/Frameworks/Print.framework/Versions/A/Print
0x0000000008fc2000 	/System/Library/Frameworks/Carbon.framework/Versions/A/Frameworks/SecurityHI.framework/Versions/A/SecurityHI
0x00000001226ca000 	/Library/Java/JavaVirtualMachines/jdk1.8.0_51.jdk/Contents/Home/jre/lib/libnet.dylib
0x0000000122729000 	/Library/Java/JavaVirtualMachines/jdk1.8.0_51.jdk/Contents/Home/jre/lib/libmanagement.dylib
0x0000000122736000 	/Library/Java/JavaVirtualMachines/jdk1.8.0_51.jdk/Contents/Home/jre/lib/libnio.dylib

VM Arguments:
jvm_args: -Dfile.encoding=UTF-8 
java_command: sort.BubbleSort
java_class_path (initial): /Users/liqqc/github/Lettcode/lettcode/bin:/Users/liqqc/github/Lettcode/lettcode/lib/guava-17.0-sources.jar:/Users/liqqc/github/Lettcode/lettcode/lib/guava-17.0.jar:/Users/liqqc/github/Lettcode/lettcode/lib/commons-logging-1.0.3.jar:/Users/liqqc/github/Lettcode/lettcode/lib/httpasyncclient-4.0.2.jar:/Users/liqqc/github/Lettcode/lettcode/lib/httpclient-4.3.5.jar:/Users/liqqc/github/Lettcode/lettcode/lib/httpcore-nio-4.3.2.jar:/Users/liqqc/github/Lettcode/lettcode/lib/spring-core-4.2.2.RELEASE.jar:/Users/liqqc/github/Lettcode/lettcode/lib/spring-web-4.2.2.RELEASE.jar:/Users/liqqc/github/Lettcode/lettcode/lib/jackson-annotations-2.6.4.jar:/Users/liqqc/github/Lettcode/lettcode/lib/jackson-core-2.6.4.jar:/Users/liqqc/github/Lettcode/lettcode/lib/jackson-databind-2.6.4.jar:/Users/liqqc/github/Lettcode/lettcode/lib/commons-io-2.4.jar:/Users/liqqc/github/Lettcode/lettcode/lib/commons-lang-2.6.jar:/Users/liqqc/github/Lettcode/lettcode/lib/junit-4.8.1.jar:/Users/liqqc/github/Lettcode/lettcode/lib/log4j-1.2.17.jar:/Users/liqqc/github/Lettcode/lettcode/lib/slf4j-api-1.6.6.jar:/Users/liqqc/github/Lettcode/lettcode/lib/slf4j-log4j12-1.6.6.jar:/Users/liqqc/github/Lettcode/lettcode/lib/spring-context-4.2.4.RELEASE.jar:/Users/liqqc/github/Lettcode/lettcode/lib/spring-aop-4.2.4.RELEASE.jar:/Users/liqqc/github/Lettcode/lettcode/lib/spring-beans-4.2.4.RELEASE.jar:/Users/liqqc/github/Lettcode/lettcode/lib/spring-core-4.2.4.RELEASE.jar:/Users/liqqc/github/Lettcode/lettcode/lib/jprotobuf-1.8.5.jar:/Users/liqqc/github/Lettcode/lettcode/lib/protobuf-java-2.5.0.jar:/Users/liqqc/Downloads/Eclipse 2.app/Contents/Eclipse/plugins/org.junit_4.12.0.v201504281640/junit.jar:/Users/liqqc/Downloads/Eclipse 2.app/Contents/Eclipse/plugins/org.hamcrest.core_1.3.0.v201303031735.jar
Launcher Type: SUN_STANDARD

Environment Variables:
PATH=/usr/bin:/bin:/usr/sbin:/sbin
SHELL=/bin/zsh

Signal Handlers:
SIGSEGV: [libjvm.dylib+0x58ef35], sa_mask[0]=11111111011111110111111111111111, sa_flags=SA_ONSTACK|SA_RESTART|SA_SIGINFO
SIGBUS: [libjvm.dylib+0x58ef35], sa_mask[0]=11111111011111110111111111111111, sa_flags=SA_RESTART|SA_SIGINFO
SIGFPE: [libjvm.dylib+0x46c028], sa_mask[0]=11111111011111110111111111111111, sa_flags=SA_RESTART|SA_SIGINFO
SIGPIPE: [libjvm.dylib+0x46c028], sa_mask[0]=11111111011111110111111111111111, sa_flags=SA_RESTART|SA_SIGINFO
SIGXFSZ: [libjvm.dylib+0x46c028], sa_mask[0]=11111111011111110111111111111111, sa_flags=SA_RESTART|SA_SIGINFO
SIGILL: [libjvm.dylib+0x46c028], sa_mask[0]=11111111011111110111111111111111, sa_flags=SA_RESTART|SA_SIGINFO
SIGUSR1: SIG_DFL, sa_mask[0]=00000000000000000000000000000000, sa_flags=none
SIGUSR2: [libjvm.dylib+0x46bb46], sa_mask[0]=00100000000000000000000000000000, sa_flags=SA_RESTART|SA_SIGINFO
SIGHUP: [libjvm.dylib+0x46a119], sa_mask[0]=11111111011111110111111111111111, sa_flags=SA_RESTART|SA_SIGINFO
SIGINT: [libjvm.dylib+0x46a119], sa_mask[0]=11111111011111110111111111111111, sa_flags=SA_RESTART|SA_SIGINFO
SIGTERM: [libjvm.dylib+0x46a119], sa_mask[0]=11111111011111110111111111111111, sa_flags=SA_RESTART|SA_SIGINFO
SIGQUIT: [libjvm.dylib+0x46a119], sa_mask[0]=11111111011111110111111111111111, sa_flags=SA_RESTART|SA_SIGINFO


---------------  S Y S T E M  ---------------

OS:Bsduname:Darwin 15.0.0 Darwin Kernel Version 15.0.0: Sat Sep 19 15:53:46 PDT 2015; root:xnu-3247.10.11~1/RELEASE_X86_64 x86_64
rlimit: STACK 8192k, CORE 0k, NPROC 709, NOFILE 10240, AS infinity
load average:5.19 4.19 3.60

CPU:total 8 (4 cores per cpu, 2 threads per core) family 6 model 70 stepping 1, cmov, cx8, fxsr, mmx, sse, sse2, sse3, ssse3, sse4.1, sse4.2, popcnt, avx, avx2, aes, clmul, erms, lzcnt, ht, tsc, tscinvbit, bmi1, bmi2

Memory: 4k page, physical 16777216k(1053472k free)

/proc/meminfo:


vm_info: Java HotSpot(TM) 64-Bit Server VM (25.51-b03) for bsd-amd64 JRE (1.8.0_51-b16), built on Jun  8 2015 18:01:11 by "java_re" with gcc 4.2.1 (Based on Apple Inc. build 5658) (LLVM build 2336.11.00)

time: Thu Jul 21 11:33:04 2016
elapsed time: 788 seconds (0d 0h 13m 8s)

